Godolphin, Bernard 57 3
           1 Godolphin, Bernard 1:46.15 UT 20
           1 Godolphin, Bernard 3:47.85 UT 20
           2 Godolphin, Bernard 49.01 UT 17
Stone, Kieran 53 4
           2 Stone, Kieran 1:48.39 Mustangs 17
           3 Stone, Kieran 3:52.42 Mustangs 16
           11 Stone, Kieran 50.96 Mustangs 6
           5 Stone, Kieran 2:03.39 Mustangs 14
Oswald, Brendan 60 4
           3 Oswald, Brendan 1:49.34 UT 16
           7 Oswald, Brendan 55.28 UT 12
           3 Oswald, Brendan 1:59.07 UT 16
           3 Oswald, Brendan 1:59.45 UT 16
Tambling, Max 53 5
           4 Tambling, Max 1:49.35 UT 15
           2 Tambling, Max 3:50.75 UT 17
           11 Tambling, Max 2:06.64 UT 6
           15 Tambling, Max 51.37 UT 2
           6 Tambling, Max 16:19.10 UT 13
Matteis, Quinn 50 5
           5 Matteis, Quinn 1:50.92 UT 14
           16 Matteis, Quinn 56.87 UT 1
           4 Matteis, Quinn 3:53.95 UT 15
           41 Matteis, Quinn NT UT 0
           1 Matteis, Quinn 15:39.78 UT 20
Klakov, Maksym 36 4
           6 Klakov, Maksym 1:50.97 UT 13
           21 Klakov, Maksym 26.14 UT 0
           7 Klakov, Maksym 22.97 UT 12
           8 Klakov, Maksym 50.46 UT 11
Baghdassarian, Kevork 37 6
           7 Baghdassarian, Kevork 1:52.28 MACU 12
           11 Baghdassarian, Kevork 56.32 MACU 6
           24 Baghdassarian, Kevork 4:12.02 MACU 0
           7 Baghdassarian, Kevork 2:04.68 MACU 12
           18 Baghdassarian, Kevork 52.02 MACU 0
           10 Baghdassarian, Kevork 16:32.09 MACU 7
Robins, Phil 28 5
           8 Robins, Phil 1:52.38 UT 11
           14 Robins, Phil 56.64 UT 3
           27 Robins, Phil 26.41 UT 0
           5 Robins, Phil 2:02.29 UT 14
           17 Robins, Phil 51.77 UT 0
Bartoch, Hayden 48 4
           9 Bartoch, Hayden 1:52.43 Mustangs 9
           9 Bartoch, Hayden 55.55 Mustangs 9
           5 Bartoch, Hayden 3:58.00 Mustangs 14
           3 Bartoch, Hayden 15:54.11 Mustangs 16
Konik, Justin 19 4
           10 Konik, Justin 1:53.22 UT 7
           17 Konik, Justin 2:09.65 UT 0
           7 Konik, Justin 50.13 UT 12
           37 Konik, Justin 2:18.21 UT 0
Loewen, Riley 18 4
           11 Loewen, Riley 1:53.87 UT 6
           7 Loewen, Riley 4:03.75 UT 12
           37 Loewen, Riley 24.83 UT 0
           33 Loewen, Riley 53.36 UT 0
Duong, Raymond 15 4
           12 Duong, Raymond 1:54.26 Warriors 5
           25 Duong, Raymond 26.29 Warriors 0
           10 Duong, Raymond 23.41 Warriors 7
           14 Duong, Raymond 51.25 Warriors 3
Jansen, Ruben 46 6
           13 Jansen, Ruben 1:54.27 Gryphons 4
           3 Jansen, Ruben 4:27.57 Gryphons 16
           16 Jansen, Ruben 4:09.05 Gryphons 1
           8 Jansen, Ruben 2:05.30 Gryphons 11
           27 Jansen, Ruben 52.87 Gryphons 0
           5 Jansen, Ruben 16:17.12 Gryphons 14
Li, Jack 36 5
           14 Li, Jack 1:55.66 QUE 3
           33 Li, Jack 26.69 QUE 0
           9 Li, Jack 2:05.43 QUE 9
           13 Li, Jack 23.75 QUE 4
           1 Li, Jack 48.66 QUE 20
Herman, Andrew 32 4
           15 Herman, Andrew 1:55.77 YU 2
           4 Herman, Andrew 57.11 YU 15
           36 Herman, Andrew 24.80 YU 0
           4 Herman, Andrew 2:05.30 YU 15
Luo, Hanwen 3 4
           16 Luo, Hanwen 1:55.82 Mustangs 1
           18 Luo, Hanwen 57.16 Mustangs 0
           15 Luo, Hanwen 2:08.09 Mustangs 2
           23 Luo, Hanwen 52.53 Mustangs 0
Angove, Max 10 4
           17 Angove, Max 1:56.76 MACU 0
           13 Angove, Max 4:07.82 MACU 4
           44 Angove, Max 53.92 MACU 0
           11 Angove, Max 16:32.54 MACU 6
Iapicco, Aidan 65 6
           18 Iapicco, Aidan 1:56.82 Warriors 0
           9 Iapicco, Aidan 1:02.84 Warriors 9
           6 Iapicco, Aidan 4:33.33 Warriors 13
           6 Iapicco, Aidan 4:00.39 Warriors 13
           6 Iapicco, Aidan 2:15.72 Warriors 13
           2 Iapicco, Aidan 15:47.20 Warriors 17
Karlov, Evan 1 4
           19 Karlov, Evan 1:57.00 Brock Badgers 0
           30 Karlov, Evan 26.61 Brock Badgers 0
           16 Karlov, Evan 23.95 Brock Badgers 1
           22 Karlov, Evan 52.40 Brock Badgers 0
Laupland, Trevor 1 6
           20 Laupland, Trevor 1:57.04 MACU 0
           16 Laupland, Trevor 4:45.10 MACU 1
           23 Laupland, Trevor 4:11.44 MACU 0
           26 Laupland, Trevor 2:27.72 MACU 0
           21 Laupland, Trevor 17:35.55 MACU 0
           27 Laupland, Trevor 2:14.93 MACU 0
Davison, Brent 18 4
           21 Davison, Brent 1:57.05 Mustangs 0
           13 Davison, Brent 4:39.61 Mustangs 4
           12 Davison, Brent 4:07.70 Mustangs 5
           9 Davison, Brent 16:31.26 Mustangs 9
Bird, Josh 17 5
           22 Bird, Josh 1:57.05 Warriors 0
           14 Bird, Josh 4:40.78 Warriors 3
           14 Bird, Josh 4:08.53 Warriors 3
           8 Bird, Josh 16:24.86 Warriors 11
           31 Bird, Josh 2:15.22 Warriors 0
Bell, Tyler 18 4
           23 Bell, Tyler 1:57.15 Warriors 0
           10 Bell, Tyler 4:07.01 Warriors 7
           30 Bell, Tyler 1:01.75 Warriors 0
           8 Bell, Tyler 2:07.29 Warriors 11
Blair, Jacob 14 4
           24 Blair, Jacob 1:57.39 MACU 0
           15 Blair, Jacob 4:08.76 MACU 2
           58 Blair, Jacob 55.08 MACU 0
           7 Blair, Jacob 16:22.02 MACU 12
Alexander, Liam 4 5
           25 Alexander, Liam 1:57.63 Gryphons 0
           20 Alexander, Liam 4:11.02 Gryphons 0
           29 Alexander, Liam 24.63 Gryphons 0
           28 Alexander, Liam 52.90 Gryphons 0
           13 Alexander, Liam 16:39.16 Gryphons 4
Landry, Nathan 10 5
           26 Landry, Nathan 1:57.71 Carleton 0
           22 Landry, Nathan 57.64 Carleton 0
           11 Landry, Nathan 4:39.36 Carleton 6
           13 Landry, Nathan 2:06.89 Carleton 4
           19 Landry, Nathan 2:12.15 Carleton 0
Broadway, Benjamin 0 4
           27 Broadway, Benjamin 1:58.75 Gryphons 0
           19 Broadway, Benjamin 4:10.83 Gryphons 0
           38 Broadway, Benjamin 24.83 Gryphons 0
           41 Broadway, Benjamin 53.62 Gryphons 0
Daschuk, Landon 0 5
           28 Daschuk, Landon 1:58.91 Brock Badgers 0
           27 Daschuk, Landon 4:16.25 Brock Badgers 0
           47 Daschuk, Landon 25.13 Brock Badgers 0
           49 Daschuk, Landon 54.10 Brock Badgers 0
           22 Daschuk, Landon 17:37.30 Brock Badgers 0
Wang, Michael 0 6
           29 Wang, Michael 1:59.26 Gryphons 0
           38 Wang, Michael 1:00.01 Gryphons 0
           22 Wang, Michael 4:11.43 Gryphons 0
           43 Wang, Michael 26.96 Gryphons 0
           70 Wang, Michael 56.47 Gryphons 0
           39 Wang, Michael 2:20.23 Gryphons 0
Ball, Chris 4 5
           30 Ball, Chris 1:59.34 Brock Badgers 0
           28 Ball, Chris 28.67 Brock Badgers 0
           13 Ball, Chris 59.94 Brock Badgers 4
           33 Ball, Chris 24.70 Brock Badgers 0
           36 Ball, Chris 53.43 Brock Badgers 0
Guta, Alex S 0 4
           31 Guta, Alex S 1:59.70 MACU 0
           28 Guta, Alex S 4:16.50 MACU 0
           32 Guta, Alex S 1:02.11 MACU 0
           26 Guta, Alex S 2:17.03 MACU 0
Romagnoli, Daniel 0 6
           32 Romagnoli, Daniel 2:00.22 WLU 0
           40 Romagnoli, Daniel 1:00.62 WLU 0
           37 Romagnoli, Daniel 26.81 WLU 0
           27 Romagnoli, Daniel 24.50 WLU 0
           38 Romagnoli, Daniel 53.51 WLU 0
           32 Romagnoli, Daniel 2:15.37 WLU 0
Thomas, Dylan 3 6
           33 Thomas, Dylan 2:00.36 WLU 0
           23 Thomas, Dylan 1:05.33 WLU 0
           14 Thomas, Dylan 2:20.48 WLU 3
           24 Thomas, Dylan 30.22 WLU 0
           51 Thomas, Dylan 54.31 WLU 0
           22 Thomas, Dylan 2:13.97 WLU 0
Miller-Junk, Devon 0 3
           34 Miller-Junk, Devon 2:00.64 Warriors 0
           24 Miller-Junk, Devon 24.38 Warriors 0
           42 Miller-Junk, Devon 53.65 Warriors 0
Bryer, William 0 6
           35 Bryer, William 2:00.90 WLU 0
           19 Bryer, William 4:47.57 WLU 0
           51 Bryer, William 27.62 WLU 0
           35 Bryer, William 24.73 WLU 0
           48 Bryer, William 54.04 WLU 0
           23 Bryer, William 2:13.99 WLU 0
Rogozynski, Noah 5 6
           36 Rogozynski, Noah 2:01.22 Warriors 0
           19 Rogozynski, Noah 27.93 Warriors 0
           33 Rogozynski, Noah 1:06.70 Warriors 0
           19 Rogozynski, Noah 1:00.52 Warriors 0
           18 Rogozynski, Noah 29.58 Warriors 0
           12 Rogozynski, Noah 2:10.68 Warriors 5
McKenna, Liam 0 4
           37 McKenna, Liam 2:01.46 Brock Badgers 0
           20 McKenna, Liam 25.93 Brock Badgers 0
           17 McKenna, Liam 23.99 Brock Badgers 0
           40 McKenna, Liam 53.60 Brock Badgers 0
Bevilacqua, Robert 0 4
           38 Bevilacqua, Robert 2:01.57 QUE 0
           37 Bevilacqua, Robert 4:27.43 QUE 0
           35 Bevilacqua, Robert 2:35.40 QUE 0
           68 Bevilacqua, Robert 55.89 QUE 0
Tsang, Ethan 0 4
           39 Tsang, Ethan 2:01.77 Mustangs 0
           26 Tsang, Ethan 58.09 Mustangs 0
           50 Tsang, Ethan 25.20 Mustangs 0
           24 Tsang, Ethan 52.68 Mustangs 0
Johnson, Ian 0 4
           40 Johnson, Ian 2:01.94 Brock Badgers 0
           37 Johnson, Ian 1:08.52 Brock Badgers 0
           28 Johnson, Ian 2:30.77 Brock Badgers 0
           36 Johnson, Ian 31.26 Brock Badgers 0
Jansen, Olaf 0 4
           41 Jansen, Olaf 2:02.69 Gryphons 0
           35 Jansen, Olaf 4:24.85 Gryphons 0
           28 Jansen, Olaf 24.56 Gryphons 0
           45 Jansen, Olaf 53.98 Gryphons 0
Hirsescu, Cezar 0 6
           42 Hirsescu, Cezar 2:02.69 WLU 0
           44 Hirsescu, Cezar 1:01.19 WLU 0
           33 Hirsescu, Cezar 4:20.19 WLU 0
           34 Hirsescu, Cezar 2:24.06 WLU 0
           63 Hirsescu, Cezar 55.37 WLU 0
           23 Hirsescu, Cezar 17:41.94 WLU 0
Ho, Robert 0 4
           43 Ho, Robert 2:04.01 Brock Badgers 0
           60 Ho, Robert 28.73 Brock Badgers 0
           62 Ho, Robert 25.75 Brock Badgers 0
           71 Ho, Robert 56.86 Brock Badgers 0
Bossy, Ryan 0 4
           44 Bossy, Ryan 2:04.36 Brock Badgers 0
           30 Bossy, Ryan 4:17.39 Brock Badgers 0
           28 Bossy, Ryan 2:17.71 Brock Badgers 0
           18 Bossy, Ryan 17:01.43 Brock Badgers 0
Anslow, Owen 0 3
           45 Anslow, Owen 2:05.19 Gryphons 0
           31 Anslow, Owen 24.68 Gryphons 0
           69 Anslow, Owen 56.02 Gryphons 0
Hontoria, Rodrigo 0 5
           46 Hontoria, Rodrigo 2:05.42 MACU 0
           41 Hontoria, Rodrigo 1:00.66 MACU 0
           46 Hontoria, Rodrigo NT MACU 0
           31 Hontoria, Rodrigo 2:19.64 MACU 0
           27 Hontoria, Rodrigo 2:17.67 MACU 0
Stairs, Wilder 0 4
           47 Stairs, Wilder 2:05.62 Gryphons 0
           31 Stairs, Wilder 4:18.83 Gryphons 0
           19 Stairs, Wilder 2:11.13 Gryphons 0
           20 Stairs, Wilder 17:12.14 Gryphons 0
Rodgers, Quinton 3 4
           48 Rodgers, Quinton 2:05.90 QUE 0
           25 Rodgers, Quinton 4:55.00 QUE 0
           32 Rodgers, Quinton 4:20.00 QUE 0
           14 Rodgers, Quinton 16:45.00 QUE 3
Steenbakkers, Landon 0 4
           49 Steenbakkers, Landon 2:06.46 MACU 0
           40 Steenbakkers, Landon 4:37.41 MACU 0
           79 Steenbakkers, Landon 26.44 MACU 0
           77 Steenbakkers, Landon 57.46 MACU 0
Konecny, Marty 0 6
           50 Konecny, Marty 2:07.11 WLU 0
           46 Konecny, Marty 1:01.88 WLU 0
           41 Konecny, Marty 4:38.17 WLU 0
           54 Konecny, Marty 28.03 WLU 0
           33 Konecny, Marty 2:23.70 WLU 0
           41 Konecny, Marty 2:22.14 WLU 0
Garnett, Aaron 0 4
           51 Garnett, Aaron 2:07.76 Brock Badgers 0
           42 Garnett, Aaron 4:39.37 Brock Badgers 0
           76 Garnett, Aaron 26.29 Brock Badgers 0
           79 Garnett, Aaron 57.95 Brock Badgers 0
Broeders, Eric 0 6
           52 Broeders, Eric 2:08.42 WLU 0
           49 Broeders, Eric 1:03.71 WLU 0
           36 Broeders, Eric 4:26.82 WLU 0
           64 Broeders, Eric 29.15 WLU 0
           32 Broeders, Eric 2:20.64 WLU 0
           26 Broeders, Eric 18:13.88 WLU 0
Liao, Patrick 0 4
           53 Liao, Patrick 2:09.87 Carleton 0
           45 Liao, Patrick 4:50.67 Carleton 0
           86 Liao, Patrick 27.10 Carleton 0
           84 Liao, Patrick 59.42 Carleton 0
Zab, Andrew 0 6
           54 Zab, Andrew 2:11.01 WLU 0
           42 Zab, Andrew 1:09.46 WLU 0
           34 Zab, Andrew 2:35.33 WLU 0
           81 Zab, Andrew 26.71 WLU 0
           41 Zab, Andrew 32.22 WLU 0
           27 Zab, Andrew 19:29.05 WLU 0
Power, Ben 0 5
           55 Power, Ben 2:11.40 Carleton 0
           39 Power, Ben 4:30.00 Carleton 0
           55 Power, Ben 28.07 Carleton 0
           73 Power, Ben 26.09 Carleton 0
           76 Power, Ben 57.38 Carleton 0
Reid, Braydon 0 5
           56 Reid, Braydon 2:11.72 WLU 0
           56 Reid, Braydon 1:12.10 WLU 0
           66 Reid, Braydon 29.58 WLU 0
           69 Reid, Braydon 25.98 WLU 0
           81 Reid, Braydon 58.22 WLU 0
Florea, Christian 23 6
           58 Florea, Christian NT Warriors 0
           19 Florea, Christian 57.28 Warriors 0
           12 Florea, Christian 4:39.44 Warriors 5
           25 Florea, Christian 4:14.70 Warriors 0
           6 Florea, Christian 2:04.67 Warriors 13
           12 Florea, Christian 16:34.27 Warriors 5
Buck, Carter 73 4
           1 Buck, Carter 25.27 UT 20
           1 Buck, Carter 54.28 UT 20
           1 Buck, Carter 1:58.39 UT 20
           6 Buck, Carter 2:03.62 UT 13
Armstrong, David 33 4
           2 Armstrong, David 25.90 Mustangs 17
           35 Armstrong, David 26.76 Mustangs 0
           3 Armstrong, David 56.11 Mustangs 16
           35 Armstrong, David 31.14 Mustangs 0
Legault, Julien 44 5
           3 Legault, Julien 26.14 Brock Badgers 16
           31 Legault, Julien 26.65 Brock Badgers 0
           5 Legault, Julien 57.33 Brock Badgers 14
           40 Legault, Julien 24.89 Brock Badgers 0
           5 Legault, Julien 2:06.56 Brock Badgers 14
Stewart-Beinder, Luke 44 4
           4 Stewart-Beinder, Luke 26.19 Mustangs 15
           17 Stewart-Beinder, Luke 56.99 Mustangs 0
           4 Stewart-Beinder, Luke 22.58 Mustangs 15
           5 Stewart-Beinder, Luke 49.79 Mustangs 14
Campbell, Colin 24 5
           5 Campbell, Colin 26.41 MACU 14
           36 Campbell, Colin 59.89 MACU 0
           11 Campbell, Colin 4:07.15 MACU 6
           14 Campbell, Colin 2:07.41 MACU 3
           16 Campbell, Colin 16:47.14 MACU 1
Weaver, Liam 48 3
           6 Weaver, Liam 26.44 UT 13
           1 Weaver, Liam 21.88 UT 20
           4 Weaver, Liam 49.61 UT 15
Yang, Bryan 12 4
           7 Yang, Bryan 26.50 Warriors 12
           19 Yang, Bryan 25.90 Warriors 0
           23 Yang, Bryan 1:01.00 Warriors 0
           47 Yang, Bryan 54.00 Warriors 0
Nolan, Quinn 26 5
           8 Nolan, Quinn 26.54 Gryphons 11
           22 Nolan, Quinn 4:49.23 Gryphons 0
           6 Nolan, Quinn 58.06 Gryphons 13
           19 Nolan, Quinn 29.78 Gryphons 0
           15 Nolan, Quinn 2:10.07 Gryphons 2
Madi, Yasseen 9 4
           9 Madi, Yasseen 27.00 QUE 9
           31 Madi, Yasseen 1:02.05 QUE 0
           18 Madi, Yasseen 24.00 QUE 0
           30 Madi, Yasseen 53.00 QUE 0
Zhang, Charles 32 4
           10 Zhang, Charles 27.09 Mustangs 7
           7 Zhang, Charles 58.53 Mustangs 12
           6 Zhang, Charles 2:06.78 Mustangs 13
           21 Zhang, Charles 2:12.73 Mustangs 0
Marcial, Charles 31 6
           11 Marcial, Charles 27.40 Warriors 6
           7 Marcial, Charles 1:02.74 Warriors 12
           29 Marcial, Charles 58.40 Warriors 0
           11 Marcial, Charles 25.31 Warriors 6
           17 Marcial, Charles 1:00.36 Warriors 0
           10 Marcial, Charles 28.92 Warriors 7
Drabik, Cyrus M 23 5
           12 Drabik, Cyrus M 27.49 MACU 5
           9 Drabik, Cyrus M 25.25 MACU 9
           9 Drabik, Cyrus M 23.17 MACU 9
           32 Drabik, Cyrus M 30.87 MACU 0
           25 Drabik, Cyrus M 52.78 MACU 0
Omondi, Alvin 6 4
           13 Omondi, Alvin 27.63 Mustangs 4
           15 Omondi, Alvin 1:00.05 Mustangs 2
           43 Omondi, Alvin 24.96 Mustangs 0
           35 Omondi, Alvin 53.42 Mustangs 0
Wang, Justin 3 5
           14 Wang, Justin 27.69 Warriors 3
           47 Wang, Justin 27.14 Warriors 0
           20 Wang, Justin 1:00.63 Warriors 0
           21 Wang, Justin 24.30 Warriors 0
           39 Wang, Justin 53.58 Warriors 0
Crawford, Ethan 2 5
           15 Crawford, Ethan 27.72 Warriors 2
           26 Crawford, Ethan 1:01.17 Warriors 0
           44 Crawford, Ethan 24.98 Warriors 0
           31 Crawford, Ethan 2:22.99 Warriors 0
           55 Crawford, Ethan 54.78 Warriors 0
Chard, Adam 2 5
           16 Chard, Adam 27.86 Gryphons 1
           27 Chard, Adam 58.16 Gryphons 0
           22 Chard, Adam 26.16 Gryphons 0
           16 Chard, Adam 1:00.31 Gryphons 1
           30 Chard, Adam 2:19.62 Gryphons 0
Zhang, Byron 5 4
           17 Zhang, Byron 27.88 MACU 0
           34 Zhang, Byron 59.56 MACU 0
           12 Zhang, Byron 59.91 MACU 5
           33 Zhang, Byron NT MACU 0
Pereira, Nicolas 0 4
           18 Pereira, Nicolas 27.90 Gryphons 0
           18 Pereira, Nicolas 1:00.41 Gryphons 0
           66 Pereira, Nicolas 25.90 Gryphons 0
           23 Pereira, Nicolas 2:14.48 Gryphons 0
Potma, James 0 4
           20 Potma, James 28.09 QUE 0
           28 Potma, James 26.46 QUE 0
           39 Potma, James 24.86 QUE 0
           57 Potma, James 55.08 QUE 0
Coulls, Hudson 0 5
           21 Coulls, Hudson 28.11 MACU 0
           68 Coulls, Hudson 29.72 MACU 0
           28 Coulls, Hudson 1:01.64 MACU 0
           63 Coulls, Hudson 25.76 MACU 0
           19 Coulls, Hudson 2:12.72 MACU 0
Zielinski, Adam 1 5
           22 Zielinski, Adam 28.11 Gryphons 0
           21 Zielinski, Adam 1:00.77 Gryphons 0
           58 Zielinski, Adam 25.67 Gryphons 0
           16 Zielinski, Adam 2:11.39 Gryphons 1
           64 Zielinski, Adam 55.40 Gryphons 0
Gobovic, Luka 7 4
           23 Gobovic, Luka 28.18 QUE 0
           10 Gobovic, Luka 59.78 QUE 7
           57 Gobovic, Luka 25.62 QUE 0
           17 Gobovic, Luka 2:11.54 QUE 0
Duncan-Snobel, Finn 18 5
           24 Duncan-Snobel, Finn 28.28 Warriors 0
           57 Duncan-Snobel, Finn NT Warriors 0
           11 Duncan-Snobel, Finn 59.79 Warriors 6
           24 Duncan-Snobel, Finn 2:14.08 Warriors 0
           7 Duncan-Snobel, Finn 2:06.82 Warriors 12
Stavnitzky, Emmett 0 4
           25 Stavnitzky, Emmett 28.28 MACU 0
           52 Stavnitzky, Emmett 27.66 MACU 0
           24 Stavnitzky, Emmett 1:01.00 MACU 0
           49 Stavnitzky, Emmett 25.19 MACU 0
Martin, Rhys 0 4
           26 Martin, Rhys 28.46 Carleton 0
           29 Martin, Rhys 1:01.71 Carleton 0
           59 Martin, Rhys 25.69 Carleton 0
           54 Martin, Rhys 54.62 Carleton 0
Harvey, Aidan 0 5
           27 Harvey, Aidan 28.53 Gryphons 0
           43 Harvey, Aidan 4:41.99 Gryphons 0
           25 Harvey, Aidan 1:01.11 Gryphons 0
           20 Harvey, Aidan 2:12.79 Gryphons 0
           42 Harvey, Aidan 2:24.36 Gryphons 0
Walker, Jack 0 4
           29 Walker, Jack 28.80 QUE 0
           46 Walker, Jack 27.09 QUE 0
           52 Walker, Jack 25.32 QUE 0
           60 Walker, Jack 55.17 QUE 0
Said, Nadeem 18 4
           30 Said, Nadeem 28.80 Warriors 0
           26 Said, Nadeem 4:15.12 Warriors 0
           8 Said, Nadeem 59.40 Warriors 11
           10 Said, Nadeem 2:09.04 Warriors 7
Cameron, Benjamin 0 5
           31 Cameron, Benjamin 28.87 WLU 0
           39 Cameron, Benjamin 1:08.77 WLU 0
           69 Cameron, Benjamin 30.13 WLU 0
           33 Cameron, Benjamin 1:02.71 WLU 0
           29 Cameron, Benjamin 2:19.32 WLU 0
Nelander, Thomas 0 4
           32 Nelander, Thomas 28.88 QUE 0
           37 Nelander, Thomas 1:00.00 QUE 0
           26 Nelander, Thomas 2:15.00 QUE 0
           25 Nelander, Thomas 2:16.00 QUE 0
Coubrough, Dyllon 0 4
           33 Coubrough, Dyllon 29.10 QUE 0
           63 Coubrough, Dyllon 29.00 QUE 0
           42 Coubrough, Dyllon 24.91 QUE 0
           56 Coubrough, Dyllon 54.84 QUE 0
Bishop, Blake 4 5
           34 Bishop, Blake 29.11 Brock Badgers 0
           27 Bishop, Blake 1:01.56 Brock Badgers 0
           46 Bishop, Blake 25.10 Brock Badgers 0
           13 Bishop, Blake 2:10.70 Brock Badgers 4
           50 Bishop, Blake 54.17 Brock Badgers 0
Boksmati, Mohamed 0 4
           35 Boksmati, Mohamed 29.20 Carleton 0
           34 Boksmati, Mohamed 1:04.42 Carleton 0
           67 Boksmati, Mohamed 25.91 Carleton 0
           73 Boksmati, Mohamed 57.06 Carleton 0
Kao, Jonathan 0 5
           36 Kao, Jonathan 29.84 Warriors 0
           41 Kao, Jonathan 1:09.33 Warriors 0
           32 Kao, Jonathan 2:33.79 Warriors 0
           35 Kao, Jonathan 1:04.64 Warriors 0
           39 Kao, Jonathan 31.70 Warriors 0
Cambridge, Sidney 0 4
           37 Cambridge, Sidney 30.14 YU 0
           65 Cambridge, Sidney 29.49 YU 0
           39 Cambridge, Sidney 1:10.27 YU 0
           65 Cambridge, Sidney 25.89 YU 0
Kauk, Nicholas 0 5
           38 Kauk, Nicholas 30.24 WLU 0
           62 Kauk, Nicholas 28.99 WLU 0
           36 Kauk, Nicholas 1:06.30 WLU 0
           74 Kauk, Nicholas 26.20 WLU 0
           32 Kauk, Nicholas 2:30.50 WLU 0
Koprianiuk, Adam 0 4
           39 Koprianiuk, Adam 30.32 YU 0
           58 Koprianiuk, Adam 28.59 YU 0
           48 Koprianiuk, Adam 25.18 YU 0
           82 Koprianiuk, Adam 58.37 YU 0
Mouratidis, Efstathios 0 4
           40 Mouratidis, Efstathios 31.00 QUE 0
           42 Mouratidis, Efstathios 1:01.00 QUE 0
           53 Mouratidis, Efstathios 28.00 QUE 0
           28 Mouratidis, Efstathios 2:18.00 QUE 0
Durante, Stefano 0 4
           41 Durante, Stefano 31.08 Carleton 0
           40 Durante, Stefano 1:10.41 Carleton 0
           84 Durante, Stefano 26.91 Carleton 0
           85 Durante, Stefano 59.45 Carleton 0
Treiss, Edward 0 4
           42 Treiss, Edward 31.23 Carleton 0
           38 Treiss, Edward 1:07.80 Carleton 0
           89 Treiss, Edward 27.41 Carleton 0
           91 Treiss, Edward 1:02.19 Carleton 0
Thayaparan, Abiman 0 4
           43 Thayaparan, Abiman 31.26 YU 0
           41 Thayaparan, Abiman 1:13.34 YU 0
           83 Thayaparan, Abiman 26.88 YU 0
           89 Thayaparan, Abiman 1:01.48 YU 0
Ellig, Evan 0 4
           44 Ellig, Evan 31.59 WLU 0
           70 Ellig, Evan 30.21 WLU 0
           64 Ellig, Evan 25.76 WLU 0
           80 Ellig, Evan 58.14 WLU 0
McKay, Cooper 0 4
           45 McKay, Cooper 32.48 WLU 0
           88 McKay, Cooper 27.23 WLU 0
           49 McKay, Cooper 34.21 WLU 0
           88 McKay, Cooper 1:01.39 WLU 0
Dhaliwal, Harsimrat 0 4
           46 Dhaliwal, Harsimrat 33.15 YU 0
           67 Dhaliwal, Harsimrat 29.68 YU 0
           77 Dhaliwal, Harsimrat 26.37 YU 0
           86 Dhaliwal, Harsimrat 59.69 YU 0
Paterson, Benjamin 0 4
           47 Paterson, Benjamin 35.55 QUE 0
           33 Paterson, Benjamin 59.55 QUE 0
           36 Paterson, Benjamin 2:40.00 QUE 0
           24 Paterson, Benjamin 2:15.00 QUE 0
Mastromatteo, Gabe 73 4
           1 Mastromatteo, Gabe 58.11 UT 20
           3 Mastromatteo, Gabe 24.85 UT 16
           2 Mastromatteo, Gabe 2:10.16 UT 17
           1 Mastromatteo, Gabe 26.85 UT 20
Aylward, Graeme 61 4
           2 Aylward, Graeme 1:00.04 UT 17
           3 Aylward, Graeme 2:12.08 UT 16
           8 Aylward, Graeme 23.11 UT 11
           2 Aylward, Graeme 27.88 UT 17
Johnsen, Cameron 60 5
           3 Johnsen, Cameron 1:01.98 MACU 16
           5 Johnsen, Cameron 2:13.85 MACU 14
           4 Johnsen, Cameron 28.53 MACU 15
           13 Johnsen, Cameron 51.19 MACU 4
           8 Johnsen, Cameron 2:06.85 MACU 11
Bulban, Nicholas 27 4
           4 Bulban, Nicholas 1:02.10 UT 15
           23 Bulban, Nicholas 57.92 UT 0
           32 Bulban, Nicholas 26.68 UT 0
           7 Bulban, Nicholas 28.69 UT 12
Graboski, Theo 27 4
           5 Graboski, Theo 1:02.18 Mustangs 14
           7 Graboski, Theo 2:16.45 Mustangs 12
           16 Graboski, Theo 29.47 Mustangs 1
           20 Graboski, Theo 2:12.34 Mustangs 0
Jensen, Alexander 47 4
           6 Jensen, Alexander 1:02.19 Mustangs 13
           9 Jensen, Alexander 2:17.67 Mustangs 9
           6 Jensen, Alexander 28.65 Mustangs 13
           7 Jensen, Alexander 2:06.60 Mustangs 12
Korstanje, Anthonie 29 6
           8 Korstanje, Anthonie 1:02.78 Brock Badgers 11
           50 Korstanje, Anthonie 1:03.75 Brock Badgers 0
           59 Korstanje, Anthonie 28.60 Brock Badgers 0
           8 Korstanje, Anthonie 2:16.57 Brock Badgers 11
           13 Korstanje, Anthonie 29.28 Brock Badgers 4
           14 Korstanje, Anthonie 2:09.93 Brock Badgers 3
Teasdale, Cam 28 4
           10 Teasdale, Cam 1:02.85 Carleton 7
           18 Teasdale, Cam 2:21.63 Carleton 0
           3 Teasdale, Cam 28.26 Carleton 16
           12 Teasdale, Cam 2:09.03 Carleton 5
Rotsaert-Smith, Ethan 30 4
           11 Rotsaert-Smith, Ethan 1:03.41 Gryphons 6
           13 Rotsaert-Smith, Ethan 2:20.38 Gryphons 4
           5 Rotsaert-Smith, Ethan 28.64 Gryphons 14
           11 Rotsaert-Smith, Ethan 2:08.06 Gryphons 6
Terejko, Josiah 22 5
           12 Terejko, Josiah 1:03.42 MACU 5
           45 Terejko, Josiah 27.01 MACU 0
           14 Terejko, Josiah 23.86 MACU 3
           9 Terejko, Josiah 28.91 MACU 9
           12 Terejko, Josiah 51.11 MACU 5
Gallant, Jacob 64 4
           13 Gallant, Jacob 1:03.49 UT 4
           1 Gallant, Jacob 4:08.39 UT 20
           1 Gallant, Jacob 2:08.98 UT 20
           1 Gallant, Jacob 1:59.67 UT 20
Curry, Tristan 14 4
           14 Curry, Tristan 1:03.60 Mustangs 3
           27 Curry, Tristan 2:29.34 Mustangs 0
           20 Curry, Tristan 24.23 Mustangs 0
           8 Curry, Tristan 28.78 Mustangs 11
Chambers, Ian 12 5
           15 Chambers, Ian 1:03.61 Warriors 2
           15 Chambers, Ian 4:42.28 Warriors 2
           11 Chambers, Ian 2:18.63 Warriors 6
           15 Chambers, Ian 29.42 Warriors 2
           43 Chambers, Ian 2:26.48 Warriors 0
Gu, Jake 7 3
           16 Gu, Jake 1:03.68 Warriors 1
           17 Gu, Jake 2:21.55 Warriors 0
           11 Gu, Jake 29.19 Warriors 6
Pei, Samuel 35 5
           17 Pei, Samuel 1:03.89 Warriors 0
           4 Pei, Samuel 4:31.64 Warriors 15
           8 Pei, Samuel 4:04.00 Warriors 11
           22 Pei, Samuel 30.07 Warriors 0
           9 Pei, Samuel 2:06.90 Warriors 9
Wallich, Liam 13 6
           18 Wallich, Liam 1:04.65 Warriors 0
           10 Wallich, Liam 4:39.13 Warriors 7
           20 Wallich, Liam 2:22.42 Warriors 0
           25 Wallich, Liam 30.34 Warriors 0
           15 Wallich, Liam 2:11.08 Warriors 2
           13 Wallich, Liam 2:09.49 Warriors 4
Han, Ryan 5 3
           19 Han, Ryan 1:04.83 Mustangs 0
           12 Han, Ryan 2:19.02 Mustangs 5
           17 Han, Ryan 29.48 Mustangs 0
Ketchin, Matthew 34 6
           20 Ketchin, Matthew 1:04.99 Mustangs 0
           5 Ketchin, Matthew 4:33.01 Mustangs 14
           10 Ketchin, Matthew 2:18.38 Mustangs 7
           29 Ketchin, Matthew 2:18.45 Mustangs 0
           11 Ketchin, Matthew 2:09.45 Mustangs 6
           10 Ketchin, Matthew 2:06.94 Mustangs 7
Clarke, William 5 4
           21 Clarke, William 1:05.08 MACU 0
           19 Clarke, William 2:21.63 MACU 0
           55 Clarke, William 25.42 MACU 0
           12 Clarke, William 29.27 MACU 5
Halford, Owen 2 4
           22 Halford, Owen 1:05.11 MACU 0
           18 Halford, Owen 4:47.45 MACU 0
           15 Halford, Owen 2:21.14 MACU 2
           23 Halford, Owen 30.11 MACU 0
Arbuckle, Josh 3 4
           24 Arbuckle, Josh 1:05.36 QUE 0
           24 Arbuckle, Josh 26.25 QUE 0
           14 Arbuckle, Josh 29.39 QUE 3
           18 Arbuckle, Josh 2:11.13 QUE 0
Hickey, David 15 3
           25 Hickey, David 1:05.36 UT 0
           4 Hickey, David 2:13.24 UT 15
           27 Hickey, David 30.41 UT 0
Pike, Jonathan 1 4
           26 Pike, Jonathan 1:05.79 Mustangs 0
           16 Pike, Jonathan 2:21.55 Mustangs 1
           29 Pike, Jonathan 30.65 Mustangs 0
           35 Pike, Jonathan 2:16.78 Mustangs 0
Joudrie, Robin 0 4
           27 Joudrie, Robin 1:05.84 Mustangs 0
           23 Joudrie, Robin 2:23.36 Mustangs 0
           60 Joudrie, Robin 25.71 Mustangs 0
           25 Joudrie, Robin 2:14.73 Mustangs 0
Ho, Justin 0 4
           28 Ho, Justin 1:06.22 MACU 0
           30 Ho, Justin 2:32.73 MACU 0
           26 Ho, Justin 30.39 MACU 0
           44 Ho, Justin 2:30.33 MACU 0
Dancey, Joshua 0 4
           29 Dancey, Joshua 1:06.26 Warriors 0
           22 Dancey, Joshua 2:23.33 Warriors 0
           38 Dancey, Joshua NT Warriors 0
           26 Dancey, Joshua 2:14.89 Warriors 0
Colling, Caleb 0 4
           30 Colling, Caleb 1:06.43 Brock Badgers 0
           25 Colling, Caleb 2:26.69 Brock Badgers 0
           71 Colling, Caleb 26.02 Brock Badgers 0
           34 Colling, Caleb 31.11 Brock Badgers 0
de la Riva, Philippe 0 3
           31 de la Riva, Philippe 1:06.58 Brock Badgers 0
           41 de la Riva, Philippe 26.91 Brock Badgers 0
           21 de la Riva, Philippe 30.00 Brock Badgers 0
Agostino, Mario 0 5
           32 Agostino, Mario 1:06.60 Brock Badgers 0
           36 Agostino, Mario 2:38.58 Brock Badgers 0
           41 Agostino, Mario 24.90 Brock Badgers 0
           30 Agostino, Mario 30.69 Brock Badgers 0
           52 Agostino, Mario 54.40 Brock Badgers 0
Hrebicek, Nathan 0 4
           34 Hrebicek, Nathan 1:07.00 QUE 0
           70 Hrebicek, Nathan 26.00 QUE 0
           20 Hrebicek, Nathan 30.00 QUE 0
           29 Hrebicek, Nathan 2:15.00 QUE 0
Moraldo, Rayhan 0 4
           35 Moraldo, Rayhan 1:07.89 Carleton 0
           50 Moraldo, Rayhan 27.60 Carleton 0
           54 Moraldo, Rayhan 25.40 Carleton 0
           28 Moraldo, Rayhan 30.62 Carleton 0
Pettypiece, Luke 0 4
           36 Pettypiece, Luke 1:08.26 Brock Badgers 0
           29 Pettypiece, Luke 5:06.24 Brock Badgers 0
           31 Pettypiece, Luke 2:33.18 Brock Badgers 0
           40 Pettypiece, Luke 31.87 Brock Badgers 0
Jackson, Matthew 0 4
           38 Jackson, Matthew 1:08.67 Gryphons 0
           27 Jackson, Matthew 4:56.20 Gryphons 0
           29 Jackson, Matthew 2:31.53 Gryphons 0
           38 Jackson, Matthew 31.64 Gryphons 0
Wielemaker, Tom 0 5
           40 Wielemaker, Tom 1:08.80 Warriors 0
           26 Wielemaker, Tom 4:55.08 Warriors 0
           44 Wielemaker, Tom 26.97 Warriors 0
           37 Wielemaker, Tom 31.47 Warriors 0
           38 Wielemaker, Tom 2:18.52 Warriors 0
Moroz, Brett 0 6
           43 Moroz, Brett 1:10.26 WLU 0
           51 Moroz, Brett 1:04.14 WLU 0
           48 Moroz, Brett 27.17 WLU 0
           72 Moroz, Brett 26.04 WLU 0
           51 Moroz, Brett 34.57 WLU 0
           75 Moroz, Brett 57.34 WLU 0
Jakovljevic, Alex 0 4
           44 Jakovljevic, Alex 1:11.02 Brock Badgers 0
           35 Jakovljevic, Alex 2:37.60 Brock Badgers 0
           46 Jakovljevic, Alex 33.48 Brock Badgers 0
           87 Jakovljevic, Alex 59.87 Brock Badgers 0
Gutkowski, Anthony 0 4
           45 Gutkowski, Anthony 1:11.21 Brock Badgers 0
           41 Gutkowski, Anthony 2:54.44 Brock Badgers 0
           78 Gutkowski, Anthony 26.42 Brock Badgers 0
           42 Gutkowski, Anthony 32.53 Brock Badgers 0
Shuster, Lleyton 0 4
           46 Shuster, Lleyton 1:12.41 Brock Badgers 0
           23 Shuster, Lleyton 4:50.23 Brock Badgers 0
           33 Shuster, Lleyton 2:34.03 Brock Badgers 0
           36 Shuster, Lleyton 2:18.08 Brock Badgers 0
Du, Yifeng (David) 0 4
           47 Du, Yifeng (David) 1:13.56 Carleton 0
           37 Du, Yifeng (David) 2:40.00 Carleton 0
           68 Du, Yifeng (David) 25.91 Carleton 0
           47 Du, Yifeng (David) 33.88 Carleton 0
Mercer, Aidan 0 4
           48 Mercer, Aidan 1:13.68 Carleton 0
           40 Mercer, Aidan 2:52.52 Carleton 0
           82 Mercer, Aidan 26.84 Carleton 0
           43 Mercer, Aidan 33.20 Carleton 0
Mallia, Paddy 0 5
           49 Mallia, Paddy 1:14.06 Carleton 0
           39 Mallia, Paddy 2:46.78 Carleton 0
           93 Mallia, Paddy 29.32 Carleton 0
           45 Mallia, Paddy 33.43 Carleton 0
           94 Mallia, Paddy 1:07.53 Carleton 0
Martin, Braxton 0 5
           50 Martin, Braxton 1:14.06 Carleton 0
           38 Martin, Braxton 2:44.27 Carleton 0
           80 Martin, Braxton 26.57 Carleton 0
           50 Martin, Braxton 34.30 Carleton 0
           78 Martin, Braxton 57.58 Carleton 0
Brzezinski, Hunter 0 4
           51 Brzezinski, Hunter 1:14.08 Carleton 0
           85 Brzezinski, Hunter 27.06 Carleton 0
           44 Brzezinski, Hunter 33.23 Carleton 0
           90 Brzezinski, Hunter 1:01.77 Carleton 0
Xiao, Simeon 0 4
           52 Xiao, Simeon 1:16.65 WLU 0
           42 Xiao, Simeon 3:03.91 WLU 0
           48 Xiao, Simeon 34.04 WLU 0
           93 Xiao, Simeon 1:05.58 WLU 0
Burns-Craze, Owen 0 4
           53 Burns-Craze, Owen 1:19.45 YU 0
           73 Burns-Craze, Owen 31.23 YU 0
           92 Burns-Craze, Owen 29.27 YU 0
           52 Burns-Craze, Owen 34.69 YU 0
Eager, C.J. 0 4
           54 Eager, C.J. 1:19.57 Carleton 0
           90 Eager, C.J. 28.50 Carleton 0
           53 Eager, C.J. 35.00 Carleton 0
           92 Eager, C.J. 1:05.18 Carleton 0
Fawzy, Youssef 0 4
           55 Fawzy, Youssef 1:21.71 WLU 0
           72 Fawzy, Youssef 30.77 WLU 0
           91 Fawzy, Youssef 28.60 WLU 0
           54 Fawzy, Youssef 35.21 WLU 0
Ginzburg, Eric 67 4
           1 Ginzburg, Eric 54.03 YU 20
           2 Ginzburg, Eric 24.30 YU 17
           2 Ginzburg, Eric 22.40 YU 17
           6 Ginzburg, Eric 50.10 YU 13
Wormald, Lukas 91 6
           2 Wormald, Lukas 54.11 Warriors 17
           1 Wormald, Lukas 24.27 Warriors 20
           2 Wormald, Lukas 56.09 Warriors 17
           5 Wormald, Lukas 22.67 Warriors 14
           10 Wormald, Lukas 50.63 Warriors 7
           3 Wormald, Lukas 2:01.71 Warriors 16
Sava, Michael 47 4
           3 Sava, Michael 54.66 UT 16
           8 Sava, Michael 25.24 UT 11
           1 Sava, Michael 1:57.65 UT 20
           17 Sava, Michael 2:10.63 UT 0
Goni Avila, Kent 74 6
           4 Goni Avila, Kent 54.72 WLU 15
           28 Goni Avila, Kent 4:59.07 WLU 0
           7 Goni Avila, Kent 25.13 WLU 12
           3 Goni Avila, Kent 22.52 WLU 16
           3 Goni Avila, Kent 49.58 WLU 16
           4 Goni Avila, Kent 2:02.80 WLU 15
Salouse, Ziyad 29 4
           5 Salouse, Ziyad 54.75 Mustangs 14
           4 Salouse, Ziyad 24.94 Mustangs 15
           19 Salouse, Ziyad 24.04 Mustangs 0
           32 Salouse, Ziyad 53.15 Mustangs 0
Boden, Alex 47 4
           6 Boden, Alex 55.27 Warriors 13
           13 Boden, Alex 25.54 Warriors 4
           4 Boden, Alex 2:01.60 Warriors 15
           4 Boden, Alex 16:14.55 Warriors 15
Zagidulin, Vladislav 25 4
           8 Zagidulin, Vladislav 55.32 Mustangs 11
           10 Zagidulin, Vladislav 25.28 Mustangs 7
           10 Zagidulin, Vladislav 2:05.50 Mustangs 7
           43 Zagidulin, Vladislav 53.86 Mustangs 0
Placek, Ethan 27 4
           10 Placek, Ethan 55.93 Mustangs 7
           12 Placek, Ethan 25.39 Mustangs 5
           11 Placek, Ethan 23.65 Mustangs 6
           9 Placek, Ethan 50.48 Mustangs 9
Gunn, Anthony 18 4
           12 Gunn, Anthony 56.35 Brock Badgers 5
           6 Gunn, Anthony 25.11 Brock Badgers 13
           30 Gunn, Anthony 24.65 Brock Badgers 0
           19 Gunn, Anthony 52.13 Brock Badgers 0
Ziaian, Bijan 7 4
           13 Ziaian, Bijan 56.60 MACU 4
           14 Ziaian, Bijan 25.60 MACU 3
           22 Ziaian, Bijan 24.31 MACU 0
           29 Ziaian, Bijan 52.95 MACU 0
Langman, Kelton 4 6
           15 Langman, Kelton 56.69 WLU 2
           16 Langman, Kelton 25.73 WLU 1
           16 Langman, Kelton 2:08.57 WLU 1
           32 Langman, Kelton 24.68 WLU 0
           31 Langman, Kelton 30.82 WLU 0
           34 Langman, Kelton 53.41 WLU 0
Bailey, Michael 0 4
           20 Bailey, Michael 57.42 Mustangs 0
           26 Bailey, Michael 26.31 Mustangs 0
           27 Bailey, Michael 2:16.72 Mustangs 0
           66 Bailey, Michael 55.55 Mustangs 0
Mills, Emmett 0 4
           21 Mills, Emmett 57.58 Gryphons 0
           23 Mills, Emmett 26.20 Gryphons 0
           20 Mills, Emmett 2:11.34 Gryphons 0
           61 Mills, Emmett 55.19 Gryphons 0
Tsaiger, Daniel 2 4
           24 Tsaiger, Daniel 58.01 Brock Badgers 0
           15 Tsaiger, Daniel 25.69 Brock Badgers 2
           51 Tsaiger, Daniel 25.28 Brock Badgers 0
           67 Tsaiger, Daniel 55.58 Brock Badgers 0
D' Ailly, Justin 5 4
           25 D' Ailly, Justin 58.06 Mustangs 0
           17 D' Ailly, Justin 25.87 Mustangs 0
           12 D' Ailly, Justin 23.73 Mustangs 5
           26 D' Ailly, Justin 52.79 Mustangs 0
Dhanju, Jovan 0 5
           28 Dhanju, Jovan 58.26 Gryphons 0
           38 Dhanju, Jovan 4:29.01 Gryphons 0
           21 Dhanju, Jovan 2:12.29 Gryphons 0
           65 Dhanju, Jovan 55.41 Gryphons 0
           25 Dhanju, Jovan 18:12.11 Gryphons 0
Lusby, Gavin 0 5
           30 Lusby, Gavin 58.65 Warriors 0
           18 Lusby, Gavin 25.87 Warriors 0
           22 Lusby, Gavin 2:13.24 Warriors 0
           23 Lusby, Gavin 24.32 Warriors 0
           31 Lusby, Gavin 53.11 Warriors 0
Agostinelli Stull, Emilio 0 5
           31 Agostinelli Stull, Emilio 59.00 QUE 0
           17 Agostinelli Stull, Emilio 4:10.00 QUE 0
           29 Agostinelli Stull, Emilio 26.50 QUE 0
           23 Agostinelli Stull, Emilio 2:14.00 QUE 0
           46 Agostinelli Stull, Emilio 54.00 QUE 0
Rus, Alex 0 4
           32 Rus, Alex 59.16 Warriors 0
           42 Rus, Alex 26.96 Warriors 0
           40 Rus, Alex NT Warriors 0
           40 Rus, Alex 2:20.66 Warriors 0
Helal, Mohamed 0 4
           35 Helal, Mohamed 59.87 Carleton 0
           34 Helal, Mohamed 26.74 Carleton 0
           56 Helal, Mohamed 25.48 Carleton 0
           28 Helal, Mohamed 2:15.00 Carleton 0
Boyle, Liam 0 4
           39 Boyle, Liam 1:00.26 Brock Badgers 0
           39 Boyle, Liam 26.87 Brock Badgers 0
           30 Boyle, Liam 2:19.47 Brock Badgers 0
           62 Boyle, Liam 55.23 Brock Badgers 0
Kaploun, Anton 0 4
           43 Kaploun, Anton 1:01.02 MACU 0
           36 Kaploun, Anton 26.77 MACU 0
           26 Kaploun, Anton 24.47 MACU 0
           37 Kaploun, Anton 53.44 MACU 0
Daniel, Jyasi 0 4
           45 Daniel, Jyasi 1:01.83 Warriors 0
           40 Daniel, Jyasi 26.90 Warriors 0
           61 Daniel, Jyasi 25.71 Warriors 0
           72 Daniel, Jyasi 57.03 Warriors 0
Perera, Himain 0 4
           47 Perera, Himain 1:02.50 Carleton 0
           61 Perera, Himain 28.76 Carleton 0
           37 Perera, Himain 1:06.80 Carleton 0
           45 Perera, Himain 2:31.55 Carleton 0
Prokosch, Jake 0 4
           48 Prokosch, Jake 1:03.26 MACU 0
           49 Prokosch, Jake 27.38 MACU 0
           25 Prokosch, Jake 24.41 MACU 0
           53 Prokosch, Jake 54.56 MACU 0
Kurukulasooriya, Gihan 0 4
           52 Kurukulasooriya, Gihan 1:04.37 Carleton 0
           56 Kurukulasooriya, Gihan 28.08 Carleton 0
           75 Kurukulasooriya, Gihan 26.28 Carleton 0
           74 Kurukulasooriya, Gihan 57.16 Carleton 0
Tam, Gordon 0 4
           53 Tam, Gordon 1:04.79 MACU 0
           38 Tam, Gordon 26.86 MACU 0
           45 Tam, Gordon 25.07 MACU 0
           21 Tam, Gordon 52.33 MACU 0
Rosenberger, John 0 4
           54 Rosenberger, John 1:08.54 Carleton 0
           74 Rosenberger, John 32.23 Carleton 0
           87 Rosenberger, John 27.18 Carleton 0
           83 Rosenberger, John 59.03 Carleton 0
Lucas, Bryan 0 4
           55 Lucas, Bryan 1:09.84 Brock Badgers 0
           71 Lucas, Bryan 30.70 Brock Badgers 0
           37 Lucas, Bryan 2:40.77 Brock Badgers 0
           94 Lucas, Bryan 29.49 Brock Badgers 0
Loewen, Benjamin 68 4
           2 Loewen, Benjamin 4:20.60 UT 17
           2 Loewen, Benjamin 1:57.89 UT 17
           2 Loewen, Benjamin 1:58.67 UT 17
           2 Loewen, Benjamin 2:00.28 UT 17
Miecznikowski, Adam 17 5
           7 Miecznikowski, Adam 4:33.76 MACU 12
           21 Miecznikowski, Adam 4:11.33 MACU 0
           12 Miecznikowski, Adam 2:06.67 MACU 5
           22 Miecznikowski, Adam 2:14.15 MACU 0
           17 Miecznikowski, Adam 16:58.87 MACU 0
Ireland, Kevin 14 6
           8 Ireland, Kevin 4:33.98 MACU 11
           18 Ireland, Kevin 4:10.48 MACU 0
           21 Ireland, Kevin 2:22.68 MACU 0
           18 Ireland, Kevin 2:09.99 MACU 0
           15 Ireland, Kevin 16:45.55 MACU 2
           16 Ireland, Kevin 2:10.18 MACU 1
El Aref, Omar 30 5
           9 El Aref, Omar 4:38.57 MACU 9
           9 El Aref, Omar 4:06.48 MACU 9
           14 El Aref, Omar 59.95 MACU 3
           9 El Aref, Omar 2:07.31 MACU 9
           28 El Aref, Omar NT MACU 0
Edwards, Hugh 12 4
           17 Edwards, Hugh 4:46.64 Brock Badgers 0
           9 Edwards, Hugh 59.55 Brock Badgers 9
           14 Edwards, Hugh 2:10.94 Brock Badgers 3
           24 Edwards, Hugh 2:14.57 Brock Badgers 0
Galvez, Tomas 0 5
           20 Galvez, Tomas 4:48.07 Brock Badgers 0
           29 Galvez, Tomas 4:17.22 Brock Badgers 0
           25 Galvez, Tomas 2:14.36 Brock Badgers 0
           19 Galvez, Tomas 17:03.18 Brock Badgers 0
           34 Galvez, Tomas 2:15.80 Brock Badgers 0
Cameron, Andrew 0 4
           21 Cameron, Andrew 4:48.19 Warriors 0
           34 Cameron, Andrew 4:22.00 Warriors 0
           39 Cameron, Andrew NT Warriors 0
           21 Cameron, Andrew 2:13.94 Warriors 0
Jong, Ethan 0 5
           24 Jong, Ethan 4:50.49 MACU 0
           24 Jong, Ethan 2:24.86 MACU 0
           33 Jong, Ethan 31.04 MACU 0
           24 Jong, Ethan 17:45.34 MACU 0
           33 Jong, Ethan 2:15.67 MACU 0
Bagrianski, Misha 28 3
           5 Bagrianski, Misha 25.01 UT 14
           6 Bagrianski, Misha 22.96 UT 13
           16 Bagrianski, Misha 51.70 UT 1
Milone, Benjamin 0 3
           57 Milone, Benjamin 28.32 MACU 0
           34 Milone, Benjamin 24.71 MACU 0
           59 Milone, Benjamin 55.11 MACU 0
Park, John 0 4
           22 Park, John 1:01.00 QUE 0
           53 Park, John 25.32 QUE 0
           18 Park, John 2:12.00 QUE 0
           30 Park, John 2:15.00 QUE 0
Waddell, Jackson 2 2
           15 Waddell, Jackson 23.90 Mustangs 2
           20 Waddell, Jackson 52.22 Mustangs 0
